Build started 2013-12-20 2:28:45 AM.
     1>Project "C:\Users\Erik\Documents\Visual Studio 2010\Projects\AirHockey\AirHockey\AirHockey.vcxproj" on node 2 (build target(s)).
     1>InitializeBuildStatus:
         Creating "Debug\AirHockey.unsuccessfulbuild" because "AlwaysCreate" was specified.
       ClCompile:
         C:\Program Files (x86)\Microsoft Visual Studio 10.0\VC\bin\CL.exe /c /Zi /clr /nologo /W3 /WX- /Od /Oy- /D _MBCS /Gm- /EHa /MDd /GS /fp:precise /Zc:wchar_t /Zc:forScope /Fo"Debug\\" /Fd"Debug\vc100.pdb" /Gd /TP /FU"C:\Program Files (x86)\Reference Assemblies\Microsoft\Framework\.NETFramework\v4.0\System.Core.dll" /FU"C:\Program Files (x86)\Reference Assemblies\Microsoft\Framework\.NETFramework\v4.0\System.Data.dll" /FU"C:\Program Files (x86)\Reference Assemblies\Microsoft\Framework\.NETFramework\v4.0\System.dll" /FU"C:\Program Files (x86)\Reference Assemblies\Microsoft\Framework\.NETFramework\v4.0\System.Drawing.dll" /FU"C:\Program Files (x86)\Reference Assemblies\Microsoft\Framework\.NETFramework\v4.0\System.Windows.Forms.dll" /FU"C:\Program Files (x86)\Reference Assemblies\Microsoft\Framework\.NETFramework\v4.0\System.Xml.dll" /analyze- /errorReport:prompt AirHockey.cpp
         AirHockey.cpp
     1>c:\program files (x86)\reference assemblies\microsoft\framework\.netframework\v4.0\system.core.dll : warning C4945: 'ExtensionAttribute' : cannot import symbol from 'c:\program files (x86)\reference assemblies\microsoft\framework\.netframework\v4.0\system.core.dll': as 'System::Runtime::CompilerServices::ExtensionAttribute' has already been imported from another assembly 'mscorlib'
                 c:\windows\microsoft.net\framework\v4.0.30319\mscorlib.dll : see declaration of 'System::Runtime::CompilerServices::ExtensionAttribute'
                 first seen type is used; re-order imported assemblies to use the current type
                 This diagnostic occurred while importing type 'System.Runtime.CompilerServices.ExtensionAttribute' from assembly 'System.Core, Version=4.0.0.0, Culture=neutral, PublicKeyToken=b77a5c561934e089'.
     1>c:\users\erik\documents\visual studio 2010\projects\airhockey\airhockey\puckresource.h(115): warning C4091: 'static ' : ignored on left of '_interaction' when no variable is declared
     1>AirHockey.cpp(29): warning C4305: 'initializing' : truncation from 'double' to 'float'
     1>AirHockey.cpp(29): warning C4305: 'initializing' : truncation from 'double' to 'float'
     1>AirHockey.cpp(29): warning C4305: 'initializing' : truncation from 'double' to 'float'
     1>AirHockey.cpp(45): warning C4305: 'initializing' : truncation from 'double' to 'float'
     1>AirHockey.cpp(45): warning C4305: 'initializing' : truncation from 'double' to 'float'
     1>AirHockey.cpp(45): warning C4305: 'initializing' : truncation from 'double' to 'float'
     1>AirHockey.cpp(47): warning C4305: 'initializing' : truncation from 'double' to 'float'
     1>AirHockey.cpp(47): warning C4305: 'initializing' : truncation from 'double' to 'float'
     1>AirHockey.cpp(47): warning C4305: 'initializing' : truncation from 'double' to 'float'
     1>AirHockey.cpp(50): warning C4305: 'initializing' : truncation from 'double' to 'float'
     1>AirHockey.cpp(51): warning C4305: 'initializing' : truncation from 'double' to 'float'
     1>AirHockey.cpp(51): warning C4305: 'initializing' : truncation from 'double' to 'float'
     1>AirHockey.cpp(51): warning C4305: 'initializing' : truncation from 'double' to 'float'
     1>AirHockey.cpp(52): warning C4305: 'initializing' : truncation from 'double' to 'float'
     1>AirHockey.cpp(52): warning C4305: 'initializing' : truncation from 'double' to 'float'
     1>AirHockey.cpp(52): warning C4305: 'initializing' : truncation from 'double' to 'float'
     1>AirHockey.cpp(56): warning C4305: 'initializing' : truncation from 'double' to 'float'
     1>AirHockey.cpp(57): warning C4305: 'initializing' : truncation from 'double' to 'float'
     1>AirHockey.cpp(57): warning C4305: 'initializing' : truncation from 'double' to 'float'
     1>AirHockey.cpp(57): warning C4305: 'initializing' : truncation from 'double' to 'float'
     1>AirHockey.cpp(60): warning C4305: 'initializing' : truncation from 'double' to 'float'
     1>AirHockey.cpp(61): warning C4305: 'initializing' : truncation from 'double' to 'float'
     1>AirHockey.cpp(61): warning C4305: 'initializing' : truncation from 'double' to 'float'
     1>AirHockey.cpp(61): warning C4305: 'initializing' : truncation from 'double' to 'float'
     1>AirHockey.cpp(62): warning C4305: 'initializing' : truncation from 'double' to 'float'
     1>AirHockey.cpp(62): warning C4305: 'initializing' : truncation from 'double' to 'float'
     1>AirHockey.cpp(62): warning C4305: 'initializing' : truncation from 'double' to 'float'
     1>AirHockey.cpp(107): warning C4244: 'argument' : conversion from 'int' to 'GLfloat', possible loss of data
     1>AirHockey.cpp(107): warning C4244: 'argument' : conversion from 'int' to 'GLfloat', possible loss of data
     1>AirHockey.cpp(140): warning C4244: 'argument' : conversion from 'float' to 'int', possible loss of data
     1>AirHockey.cpp(140): warning C4244: 'argument' : conversion from 'float' to 'int', possible loss of data
     1>AirHockey.cpp(141): warning C4244: 'argument' : conversion from 'double' to 'int', possible loss of data
     1>AirHockey.cpp(141): warning C4244: 'argument' : conversion from 'double' to 'int', possible loss of data
     1>AirHockey.cpp(142): warning C4244: 'argument' : conversion from 'double' to 'int', possible loss of data
     1>AirHockey.cpp(142): warning C4244: 'argument' : conversion from 'double' to 'int', possible loss of data
     1>AirHockey.cpp(143): warning C4244: 'argument' : conversion from 'double' to 'int', possible loss of data
     1>AirHockey.cpp(143): warning C4244: 'argument' : conversion from 'double' to 'int', possible loss of data
     1>AirHockey.cpp(174): warning C4305: 'argument' : truncation from 'double' to 'float'
     1>AirHockey.cpp(174): warning C4305: 'argument' : truncation from 'double' to 'float'
     1>AirHockey.cpp(177): warning C4305: 'argument' : truncation from 'double' to 'float'
     1>AirHockey.cpp(177): warning C4305: 'argument' : truncation from 'double' to 'float'
     1>AirHockey.cpp(177): warning C4305: 'argument' : truncation from 'double' to 'float'
     1>AirHockey.cpp(180): warning C4305: 'argument' : truncation from 'double' to 'float'
     1>AirHockey.cpp(180): warning C4305: 'argument' : truncation from 'double' to 'float'
     1>AirHockey.cpp(180): warning C4305: 'argument' : truncation from 'double' to 'float'
     1>AirHockey.cpp(184): warning C4244: 'argument' : conversion from 'float' to 'int', possible loss of data
     1>AirHockey.cpp(184): warning C4244: 'argument' : conversion from 'float' to 'int', possible loss of data
     1>AirHockey.cpp(185): warning C4244: 'argument' : conversion from 'double' to 'int', possible loss of data
     1>AirHockey.cpp(185): warning C4244: 'argument' : conversion from 'double' to 'int', possible loss of data
     1>AirHockey.cpp(186): warning C4244: 'argument' : conversion from 'double' to 'int', possible loss of data
     1>AirHockey.cpp(186): warning C4244: 'argument' : conversion from 'double' to 'int', possible loss of data
     1>AirHockey.cpp(187): warning C4244: 'argument' : conversion from 'double' to 'int', possible loss of data
     1>AirHockey.cpp(187): warning C4244: 'argument' : conversion from 'double' to 'int', possible loss of data
     1>AirHockey.cpp(203): warning C4244: 'argument' : conversion from 'int' to 'GLfloat', possible loss of data
     1>AirHockey.cpp(203): warning C4244: 'argument' : conversion from 'int' to 'GLfloat', possible loss of data
     1>AirHockey.cpp(204): warning C4244: 'argument' : conversion from 'int' to 'GLfloat', possible loss of data
     1>AirHockey.cpp(204): warning C4244: 'argument' : conversion from 'int' to 'GLfloat', possible loss of data
     1>AirHockey.cpp(205): warning C4244: 'argument' : conversion from 'int' to 'GLfloat', possible loss of data
     1>AirHockey.cpp(205): warning C4244: 'argument' : conversion from 'int' to 'GLfloat', possible loss of data
     1>AirHockey.cpp(206): warning C4244: 'argument' : conversion from 'int' to 'GLfloat', possible loss of data
     1>AirHockey.cpp(206): warning C4244: 'argument' : conversion from 'int' to 'GLfloat', possible loss of data
     1>AirHockey.cpp(216): warning C4244: 'argument' : conversion from 'int' to 'GLfloat', possible loss of data
     1>AirHockey.cpp(216): warning C4244: 'argument' : conversion from 'int' to 'GLfloat', possible loss of data
     1>AirHockey.cpp(217): warning C4244: 'argument' : conversion from 'int' to 'GLfloat', possible loss of data
     1>AirHockey.cpp(217): warning C4244: 'argument' : conversion from 'int' to 'GLfloat', possible loss of data
     1>AirHockey.cpp(218): warning C4244: 'argument' : conversion from 'int' to 'GLfloat', possible loss of data
     1>AirHockey.cpp(218): warning C4244: 'argument' : conversion from 'int' to 'GLfloat', possible loss of data
     1>AirHockey.cpp(219): warning C4244: 'argument' : conversion from 'int' to 'GLfloat', possible loss of data
     1>AirHockey.cpp(219): warning C4244: 'argument' : conversion from 'int' to 'GLfloat', possible loss of data
     1>AirHockey.cpp(223): warning C4244: 'argument' : conversion from 'int' to 'GLfloat', possible loss of data
     1>AirHockey.cpp(223): warning C4244: 'argument' : conversion from 'int' to 'GLfloat', possible loss of data
     1>AirHockey.cpp(224): warning C4244: 'argument' : conversion from 'int' to 'GLfloat', possible loss of data
     1>AirHockey.cpp(224): warning C4244: 'argument' : conversion from 'int' to 'GLfloat', possible loss of data
     1>AirHockey.cpp(225): warning C4244: 'argument' : conversion from 'int' to 'GLfloat', possible loss of data
     1>AirHockey.cpp(225): warning C4244: 'argument' : conversion from 'int' to 'GLfloat', possible loss of data
     1>AirHockey.cpp(226): warning C4244: 'argument' : conversion from 'int' to 'GLfloat', possible loss of data
     1>AirHockey.cpp(226): warning C4244: 'argument' : conversion from 'int' to 'GLfloat', possible loss of data
     1>AirHockey.cpp(230): warning C4244: 'argument' : conversion from 'int' to 'GLfloat', possible loss of data
     1>AirHockey.cpp(230): warning C4244: 'argument' : conversion from 'int' to 'GLfloat', possible loss of data
     1>AirHockey.cpp(231): warning C4244: 'argument' : conversion from 'int' to 'GLfloat', possible loss of data
     1>AirHockey.cpp(231): warning C4244: 'argument' : conversion from 'int' to 'GLfloat', possible loss of data
     1>AirHockey.cpp(232): warning C4244: 'argument' : conversion from 'int' to 'GLfloat', possible loss of data
     1>AirHockey.cpp(232): warning C4244: 'argument' : conversion from 'int' to 'GLfloat', possible loss of data
     1>AirHockey.cpp(233): warning C4244: 'argument' : conversion from 'int' to 'GLfloat', possible loss of data
     1>AirHockey.cpp(233): warning C4244: 'argument' : conversion from 'int' to 'GLfloat', possible loss of data
     1>AirHockey.cpp(237): warning C4244: 'argument' : conversion from 'int' to 'GLfloat', possible loss of data
     1>AirHockey.cpp(237): warning C4244: 'argument' : conversion from 'int' to 'GLfloat', possible loss of data
     1>AirHockey.cpp(238): warning C4244: 'argument' : conversion from 'int' to 'GLfloat', possible loss of data
     1>AirHockey.cpp(238): warning C4244: 'argument' : conversion from 'int' to 'GLfloat', possible loss of data
     1>AirHockey.cpp(239): warning C4244: 'argument' : conversion from 'int' to 'GLfloat', possible loss of data
     1>AirHockey.cpp(239): warning C4244: 'argument' : conversion from 'int' to 'GLfloat', possible loss of data
     1>AirHockey.cpp(240): warning C4244: 'argument' : conversion from 'int' to 'GLfloat', possible loss of data
     1>AirHockey.cpp(240): warning C4244: 'argument' : conversion from 'int' to 'GLfloat', possible loss of data
     1>AirHockey.cpp(244): warning C4244: 'argument' : conversion from 'int' to 'GLfloat', possible loss of data
     1>AirHockey.cpp(244): warning C4244: 'argument' : conversion from 'int' to 'GLfloat', possible loss of data
     1>AirHockey.cpp(245): warning C4244: 'argument' : conversion from 'int' to 'GLfloat', possible loss of data
     1>AirHockey.cpp(245): warning C4244: 'argument' : conversion from 'int' to 'GLfloat', possible loss of data
     1>AirHockey.cpp(246): warning C4244: 'argument' : conversion from 'int' to 'GLfloat', possible loss of data
     1>AirHockey.cpp(246): warning C4244: 'argument' : conversion from 'int' to 'GLfloat', possible loss of data
     1>AirHockey.cpp(247): warning C4244: 'argument' : conversion from 'int' to 'GLfloat', possible loss of data
     1>AirHockey.cpp(247): warning C4244: 'argument' : conversion from 'int' to 'GLfloat', possible loss of data
     1>AirHockey.cpp(251): warning C4244: 'argument' : conversion from 'int' to 'GLfloat', possible loss of data
     1>AirHockey.cpp(251): warning C4244: 'argument' : conversion from 'int' to 'GLfloat', possible loss of data
     1>AirHockey.cpp(252): warning C4244: 'argument' : conversion from 'int' to 'GLfloat', possible loss of data
     1>AirHockey.cpp(252): warning C4244: 'argument' : conversion from 'int' to 'GLfloat', possible loss of data
     1>AirHockey.cpp(253): warning C4244: 'argument' : conversion from 'int' to 'GLfloat', possible loss of data
     1>AirHockey.cpp(253): warning C4244: 'argument' : conversion from 'int' to 'GLfloat', possible loss of data
     1>AirHockey.cpp(254): warning C4244: 'argument' : conversion from 'int' to 'GLfloat', possible loss of data
     1>AirHockey.cpp(254): warning C4244: 'argument' : conversion from 'int' to 'GLfloat', possible loss of data
     1>AirHockey.cpp(257): warning C4244: 'argument' : conversion from 'int' to 'GLfloat', possible loss of data
     1>AirHockey.cpp(257): warning C4244: 'argument' : conversion from 'int' to 'GLfloat', possible loss of data
     1>AirHockey.cpp(258): warning C4244: 'argument' : conversion from 'int' to 'GLfloat', possible loss of data
     1>AirHockey.cpp(258): warning C4244: 'argument' : conversion from 'int' to 'GLfloat', possible loss of data
     1>AirHockey.cpp(259): warning C4244: 'argument' : conversion from 'int' to 'GLfloat', possible loss of data
     1>AirHockey.cpp(259): warning C4244: 'argument' : conversion from 'int' to 'GLfloat', possible loss of data
     1>AirHockey.cpp(260): warning C4244: 'argument' : conversion from 'int' to 'GLfloat', possible loss of data
     1>AirHockey.cpp(260): warning C4244: 'argument' : conversion from 'int' to 'GLfloat', possible loss of data
     1>AirHockey.cpp(263): warning C4244: 'argument' : conversion from 'int' to 'GLfloat', possible loss of data
     1>AirHockey.cpp(263): warning C4244: 'argument' : conversion from 'int' to 'GLfloat', possible loss of data
     1>AirHockey.cpp(264): warning C4244: 'argument' : conversion from 'int' to 'GLfloat', possible loss of data
     1>AirHockey.cpp(264): warning C4244: 'argument' : conversion from 'int' to 'GLfloat', possible loss of data
     1>AirHockey.cpp(265): warning C4244: 'argument' : conversion from 'int' to 'GLfloat', possible loss of data
     1>AirHockey.cpp(265): warning C4244: 'argument' : conversion from 'int' to 'GLfloat', possible loss of data
     1>AirHockey.cpp(266): warning C4244: 'argument' : conversion from 'int' to 'GLfloat', possible loss of data
     1>AirHockey.cpp(266): warning C4244: 'argument' : conversion from 'int' to 'GLfloat', possible loss of data
     1>AirHockey.cpp(269): warning C4244: 'argument' : conversion from 'int' to 'GLfloat', possible loss of data
     1>AirHockey.cpp(269): warning C4244: 'argument' : conversion from 'int' to 'GLfloat', possible loss of data
     1>AirHockey.cpp(270): warning C4244: 'argument' : conversion from 'int' to 'GLfloat', possible loss of data
     1>AirHockey.cpp(270): warning C4244: 'argument' : conversion from 'int' to 'GLfloat', possible loss of data
     1>AirHockey.cpp(271): warning C4244: 'argument' : conversion from 'int' to 'GLfloat', possible loss of data
     1>AirHockey.cpp(272): warning C4244: 'argument' : conversion from 'int' to 'GLfloat', possible loss of data
     1>AirHockey.cpp(275): warning C4244: 'argument' : conversion from 'int' to 'GLfloat', possible loss of data
     1>AirHockey.cpp(275): warning C4244: 'argument' : conversion from 'int' to 'GLfloat', possible loss of data
     1>AirHockey.cpp(276): warning C4244: 'argument' : conversion from 'int' to 'GLfloat', possible loss of data
     1>AirHockey.cpp(276): warning C4244: 'argument' : conversion from 'int' to 'GLfloat', possible loss of data
     1>AirHockey.cpp(277): warning C4244: 'argument' : conversion from 'int' to 'GLfloat', possible loss of data
     1>AirHockey.cpp(278): warning C4244: 'argument' : conversion from 'int' to 'GLfloat', possible loss of data
     1>AirHockey.cpp(281): warning C4244: 'argument' : conversion from 'int' to 'GLfloat', possible loss of data
     1>AirHockey.cpp(281): warning C4244: 'argument' : conversion from 'int' to 'GLfloat', possible loss of data
     1>AirHockey.cpp(282): warning C4244: 'argument' : conversion from 'int' to 'GLfloat', possible loss of data
     1>AirHockey.cpp(282): warning C4244: 'argument' : conversion from 'int' to 'GLfloat', possible loss of data
     1>AirHockey.cpp(283): warning C4244: 'argument' : conversion from 'int' to 'GLfloat', possible loss of data
     1>AirHockey.cpp(284): warning C4244: 'argument' : conversion from 'int' to 'GLfloat', possible loss of data
     1>AirHockey.cpp(287): warning C4244: 'argument' : conversion from 'int' to 'GLfloat', possible loss of data
     1>AirHockey.cpp(287): warning C4244: 'argument' : conversion from 'int' to 'GLfloat', possible loss of data
     1>AirHockey.cpp(288): warning C4244: 'argument' : conversion from 'int' to 'GLfloat', possible loss of data
     1>AirHockey.cpp(288): warning C4244: 'argument' : conversion from 'int' to 'GLfloat', possible loss of data
     1>AirHockey.cpp(289): warning C4244: 'argument' : conversion from 'int' to 'GLfloat', possible loss of data
     1>AirHockey.cpp(290): warning C4244: 'argument' : conversion from 'int' to 'GLfloat', possible loss of data
     1>AirHockey.cpp(293): warning C4244: 'argument' : conversion from 'int' to 'GLfloat', possible loss of data
     1>AirHockey.cpp(293): warning C4244: 'argument' : conversion from 'int' to 'GLfloat', possible loss of data
     1>AirHockey.cpp(294): warning C4244: 'argument' : conversion from 'int' to 'GLfloat', possible loss of data
     1>AirHockey.cpp(294): warning C4244: 'argument' : conversion from 'int' to 'GLfloat', possible loss of data
     1>AirHockey.cpp(295): warning C4244: 'argument' : conversion from 'int' to 'GLfloat', possible loss of data
     1>AirHockey.cpp(295): warning C4244: 'argument' : conversion from 'int' to 'GLfloat', possible loss of data
     1>AirHockey.cpp(296): warning C4244: 'argument' : conversion from 'int' to 'GLfloat', possible loss of data
     1>AirHockey.cpp(296): warning C4244: 'argument' : conversion from 'int' to 'GLfloat', possible loss of data
     1>AirHockey.cpp(305): warning C4244: 'argument' : conversion from 'int' to 'GLfloat', possible loss of data
     1>AirHockey.cpp(306): warning C4244: 'argument' : conversion from 'int' to 'GLfloat', possible loss of data
     1>AirHockey.cpp(307): warning C4244: 'argument' : conversion from 'int' to 'GLfloat', possible loss of data
     1>AirHockey.cpp(308): warning C4244: 'argument' : conversion from 'int' to 'GLfloat', possible loss of data
     1>AirHockey.cpp(311): warning C4244: 'argument' : conversion from 'int' to 'GLfloat', possible loss of data
     1>AirHockey.cpp(312): warning C4244: 'argument' : conversion from 'int' to 'GLfloat', possible loss of data
     1>AirHockey.cpp(313): warning C4244: 'argument' : conversion from 'int' to 'GLfloat', possible loss of data
     1>AirHockey.cpp(314): warning C4244: 'argument' : conversion from 'int' to 'GLfloat', possible loss of data
     1>AirHockey.cpp(368): warning C4996: 'strcpy': This function or variable may be unsafe. Consider using strcpy_s instead. To disable deprecation, use _CRT_SECURE_NO_WARNINGS. See online help for details.
                 C:\Program Files (x86)\Microsoft Visual Studio 10.0\VC\include\string.h(105) : see declaration of 'strcpy'
     1>AirHockey.cpp(369): warning C4244: 'argument' : conversion from 'float' to 'int', possible loss of data
     1>AirHockey.cpp(369): warning C4244: 'argument' : conversion from 'float' to 'int', possible loss of data
     1>AirHockey.cpp(379): warning C4996: 'strcpy': This function or variable may be unsafe. Consider using strcpy_s instead. To disable deprecation, use _CRT_SECURE_NO_WARNINGS. See online help for details.
                 C:\Program Files (x86)\Microsoft Visual Studio 10.0\VC\include\string.h(105) : see declaration of 'strcpy'
     1>AirHockey.cpp(380): warning C4244: 'argument' : conversion from 'float' to 'int', possible loss of data
     1>AirHockey.cpp(380): warning C4244: 'argument' : conversion from 'float' to 'int', possible loss of data
     1>AirHockey.cpp(388): warning C4244: 'argument' : conversion from 'float' to 'int', possible loss of data
     1>AirHockey.cpp(388): warning C4244: 'argument' : conversion from 'float' to 'int', possible loss of data
     1>AirHockey.cpp(394): warning C4244: 'argument' : conversion from 'float' to 'int', possible loss of data
     1>AirHockey.cpp(394): warning C4244: 'argument' : conversion from 'float' to 'int', possible loss of data
     1>AirHockey.cpp(408): warning C4244: 'argument' : conversion from 'double' to 'float', possible loss of data
     1>AirHockey.cpp(424): warning C4244: 'argument' : conversion from 'double' to 'float', possible loss of data
     1>AirHockey.cpp(459): warning C4244: 'argument' : conversion from 'double' to 'float', possible loss of data
     1>AirHockey.cpp(483): warning C4244: 'argument' : conversion from 'double' to 'float', possible loss of data
     1>AirHockey.cpp(786): warning C4244: 'argument' : conversion from 'double' to 'float', possible loss of data
     1>AirHockey.cpp(890): warning C4244: '=' : conversion from 'GLdouble' to 'float', possible loss of data
     1>AirHockey.cpp(891): warning C4244: '=' : conversion from 'GLdouble' to 'float', possible loss of data
     1>AirHockey.cpp(892): warning C4244: '=' : conversion from 'GLdouble' to 'float', possible loss of data
     1>AirHockey.cpp(931): warning C4101: 'i' : unreferenced local variable
     1>AirHockey.cpp(1009): warning C4244: 'argument' : conversion from 'float' to 'int', possible loss of data
     1>AirHockey.cpp(1009): warning C4244: 'argument' : conversion from 'float' to 'int', possible loss of data
         All outputs are up-to-date.
       Link:
         C:\Program Files (x86)\Microsoft Visual Studio 10.0\VC\bin\link.exe /ERRORREPORT:PROMPT /OUT:"C:\Users\Erik\Documents\Visual Studio 2010\Projects\AirHockey\Debug\AirHockey.exe" /NOLOGO kernel32.lib user32.lib gdi32.lib winspool.lib comdlg32.lib advapi32.lib shell32.lib ole32.lib oleaut32.lib uuid.lib odbc32.lib odbccp32.lib /MANIFEST /ManifestFile:"Debug\AirHockey.exe.intermediate.manifest" /MANIFESTUAC:"level='asInvoker' uiAccess='false'" /DEBUG /PDB:"C:\Users\Erik\Documents\Visual Studio 2010\Projects\AirHockey\Debug\AirHockey.pdb" /TLBID:1 /DYNAMICBASE /NXCOMPAT /IMPLIB:"C:\Users\Erik\Documents\Visual Studio 2010\Projects\AirHockey\Debug\AirHockey.lib" /MACHINE:X86 Debug\AirHockey.obj
         Debug\puckresource.obj
     1>AirHockey.obj : warning LNK4248: unresolved typeref token (0100001C) for 'GLUquadric'; image may not run
         AirHockey.vcxproj -> C:\Users\Erik\Documents\Visual Studio 2010\Projects\AirHockey\Debug\AirHockey.exe
       Manifest:
         C:\Program Files (x86)\Microsoft SDKs\Windows\v7.0A\bin\mt.exe /nologo /verbose /outputresource:"C:\Users\Erik\Documents\Visual Studio 2010\Projects\AirHockey\Debug\AirHockey.exe;#1" /manifest Debug\AirHockey.exe.intermediate.manifest
       FinalizeBuildStatus:
         Deleting file "Debug\AirHockey.unsuccessfulbuild".
         Touching "Debug\AirHockey.lastbuildstate".
     1>Done Building Project "C:\Users\Erik\Documents\Visual Studio 2010\Projects\AirHockey\AirHockey\AirHockey.vcxproj" (build target(s)).

Build succeeded.

Time Elapsed 00:00:01.46
